f:\learn files\c++ files\github repository\algorithm-training-files\cpp_codeproject\algorithm_cppcode\debug\vc142.pdb
f:\learn files\c++ files\github repository\algorithm-training-files\cpp_codeproject\algorithm_cppcode\debug\vc142.idb
f:\learn files\c++ files\github repository\algorithm-training-files\cpp_codeproject\algorithm_cppcode\debug\神秘字符.obj
f:\learn files\c++ files\github repository\algorithm-training-files\cpp_codeproject\algorithm_cppcode\debug\互换位置.obj
f:\learn files\c++ files\github repository\algorithm-training-files\cpp_codeproject\algorithm_cppcode\debug\algorithm_cppcode.exe
f:\learn files\c++ files\github repository\algorithm-training-files\cpp_codeproject\algorithm_cppcode\debug\algorithm_cppcode.ilk
f:\learn files\c++ files\github repository\algorithm-training-files\cpp_codeproject\algorithm_cppcode\debug\algorithm_cppcode.pdb
f:\learn files\repository\github repository\algorithm-training-files\cpp_codeproject\algorithm_cppcode\debug\互换位置.obj
f:\learn files\repository\github repository\algorithm-training-files\cpp_codeproject\algorithm_cppcode\debug\神秘字符.obj
f:\learn files\repository\github repository\algorithm-training-files\cpp_codeproject\algorithm_cppcode\debug\algorithm_cppcode.ilk
f:\learn files\repository\github repository\algorithm-training-files\cpp_codeproject\algorithm_cppcode\debug\vc142.idb
f:\learn files\repository\github repository\algorithm-training-files\cpp_codeproject\algorithm_cppcode\debug\algorithm_cppcode.pdb
f:\learn files\repository\github repository\algorithm-training-files\cpp_codeproject\algorithm_cppcode\debug\vc142.pdb
f:\learn files\repository\github repository\algorithm-training-files\cpp_codeproject\algorithm_cppcode\debug\algorithm_cppcode.exe
f:\learn files\repository\github repository\algorithm-training-files\cpp_codeproject\algorithm_cppcode\debug\algorith.bac6e062.tlog\cl.command.1.tlog
f:\learn files\repository\github repository\algorithm-training-files\cpp_codeproject\algorithm_cppcode\debug\algorith.bac6e062.tlog\cl.read.1.tlog
f:\learn files\repository\github repository\algorithm-training-files\cpp_codeproject\algorithm_cppcode\debug\algorith.bac6e062.tlog\cl.write.1.tlog
f:\learn files\repository\github repository\algorithm-training-files\cpp_codeproject\algorithm_cppcode\debug\algorith.bac6e062.tlog\link.command.1.tlog
f:\learn files\repository\github repository\algorithm-training-files\cpp_codeproject\algorithm_cppcode\debug\algorith.bac6e062.tlog\link.read.1.tlog
f:\learn files\repository\github repository\algorithm-training-files\cpp_codeproject\algorithm_cppcode\debug\algorith.bac6e062.tlog\link.write.1.tlog
